<?xml version="1.0" encoding="UTF-8"?>
<!-- Generated by org.testng.reporters.JUnitXMLReporter -->
<testsuite hostname="LAPTOP-EQLN7PL4" name="Test" tests="1" failures="0" timestamp="15 Oct 2021 18:16:43 GMT" time="0.085" errors="0">
  <testcase name="@BeforeClass Setup" time="0.0" classname="com.E_bankingTestCases.Tc_LoginTest_003">
    <failure type="org.testng.TestNGException" message="
Parameter &amp;apos;browser&amp;apos; is required by @Configuration on method Setup but has not been marked @Optional or defined
in D:\e-banking\testng.xml">
      <![CDATA[org.testng.TestNGException: 
Parameter 'browser' is required by @Configuration on method Setup but has not been marked @Optional or defined
in D:\e-banking\testng.xml
... Removed 21 stack frames]]>
    </failure>
  </testcase> <!-- @BeforeClass Setup -->
  <testcase name="@AfterClass TearDown" time="0.0" classname="com.E_bankingTestCases.Tc_LoginTest_003">
    <skipped/>
  </testcase> <!-- @AfterClass TearDown -->
  <testcase name="addNewCustomer" time="0.004" classname="com.E_bankingTestCases.Tc_LoginTest_003">
    <skipped/>
  </testcase> <!-- addNewCustomer -->
</testsuite> <!-- Test -->
