<?xml version="1.0" encoding="UTF-8"?>
<testng-results skipped="0" failed="0" total="1" passed="1">
  <reporter-output>
  </reporter-output>
  <suite name="e-banking" duration-ms="55755" started-at="2021-10-16T19:38:47Z" finished-at="2021-10-16T19:39:43Z">
    <groups>
    </groups>
    <test name="Banking Test" duration-ms="55755" started-at="2021-10-16T19:38:47Z" finished-at="2021-10-16T19:39:43Z">
      <class name="com.E_bankingTestCases.Tc_LoginTest_003">
        <test-method status="PASS" signature="Setup(java.lang.String)[pri:0, instance:com.E_bankingTestCases.Tc_LoginTest_003@acdcf71]" name="Setup" is-config="true" duration-ms="5072" started-at="2021-10-17T01:08:48Z" finished-at="2021-10-17T01:08:53Z">
          <params>
            <param index="0">
              <value>
                <![CDATA[chrome]]>
              </value>
            </param>
          </params>
          <reporter-output>
          </reporter-output>
        </test-method> <!-- Setup -->
        <test-method status="PASS" signature="addNewCustomer()[pri:0, instance:com.E_bankingTestCases.Tc_LoginTest_003@acdcf71]" name="addNewCustomer" duration-ms="49318" started-at="2021-10-17T01:08:53Z" finished-at="2021-10-17T01:09:42Z">
          <reporter-output>
          </reporter-output>
        </test-method> <!-- addNewCustomer -->
        <test-method status="PASS" signature="TearDown()[pri:0, instance:com.E_bankingTestCases.Tc_LoginTest_003@acdcf71]" name="TearDown" is-config="true" duration-ms="677" started-at="2021-10-17T01:09:43Z" finished-at="2021-10-17T01:09:43Z">
          <reporter-output>
          </reporter-output>
        </test-method> <!-- TearDown -->
      </class> <!-- com.E_bankingTestCases.Tc_LoginTest_003 -->
    </test> <!-- Banking Test -->
  </suite> <!-- e-banking -->
</testng-results>
