<?xml version="1.0" encoding="UTF-8"?>
<testng-results skipped="0" failed="0" total="1" passed="1">
  <reporter-output>
  </reporter-output>
  <suite name="e-banking" duration-ms="8554" started-at="2022-01-01T18:04:21Z" finished-at="2022-01-01T18:04:29Z">
    <groups>
    </groups>
    <test name="Banking Test" duration-ms="8554" started-at="2022-01-01T18:04:21Z" finished-at="2022-01-01T18:04:29Z">
      <class name="com.E_bankingTestCases.Tc__04">
        <test-method status="PASS" signature="Setup(java.lang.String)[pri:0, instance:com.E_bankingTestCases.Tc__04@2ac273d3]" name="Setup" is-config="true" duration-ms="6020" started-at="2022-01-01T23:34:21Z" finished-at="2022-01-01T23:34:27Z">
          <params>
            <param index="0">
              <value>
                <![CDATA[chrome]]>
              </value>
            </param>
          </params>
          <reporter-output>
          </reporter-output>
        </test-method> <!-- Setup -->
        <test-method status="PASS" signature="test()[pri:0, instance:com.E_bankingTestCases.Tc__04@2ac273d3]" name="test" duration-ms="1443" started-at="2022-01-01T23:34:27Z" finished-at="2022-01-01T23:34:28Z">
          <reporter-output>
          </reporter-output>
        </test-method> <!-- test -->
        <test-method status="PASS" signature="TearDown()[pri:0, instance:com.E_bankingTestCases.Tc__04@2ac273d3]" name="TearDown" is-config="true" duration-ms="786" started-at="2022-01-01T23:34:29Z" finished-at="2022-01-01T23:34:29Z">
          <reporter-output>
          </reporter-output>
        </test-method> <!-- TearDown -->
      </class> <!-- com.E_bankingTestCases.Tc__04 -->
    </test> <!-- Banking Test -->
  </suite> <!-- e-banking -->
</testng-results>
